Arguments: 
  C:\Program Files\nodejs\node.exe C:\Users\Rishu\AppData\Roaming\npm\node_modules\yarn\bin\yarn.js add react-h5-audio-player

PATH: 
  C:\Windows\system32;C:\Windows;C:\Windows\System32\Wbem;C:\Windows\System32\WindowsPowerShell\v1.0\;C:\Windows\System32\OpenSSH\;C:\Program Files (x86)\NVIDIA Corporation\PhysX\Common;C:\Users\hp\AppData\Local\Microsoft\WindowsApps;C:\adb;C:\WINDOWS\system32;C:\WINDOWS;C:\WINDOWS\System32\Wbem;C:\WINDOWS\System32\WindowsPowerShell\v1.0\;C:\WINDOWS\System32\OpenSSH\;C:\Program Files (x86)\Common Files\Apple\Internet Services\;C:\Program Files\nodejs\;C:\Users\Rishu\AppData\Local\Microsoft\WindowsApps;C:\Users\Rishu\AppData\Local\Programs\Microsoft VS Code\bin;C:\Users\Rishu\AppData\Local\Programs\Git\cmd;C:\Program Files\MongoDB\Server\5.0\bin;C:\Users\Rishu\AppData\Roaming\npm

Yarn version: 
  1.22.19

Node version: 
  18.13.0

Platform: 
  win32 x64

Trace: 
  Error: EPERM: operation not permitted, unlink 'C:\Users\Rishu\Desktop\Rishabh Tripathy\rishabhtripathy\node_modules\@next\swc-win32-x64-msvc\next-swc.win32-x64-msvc.node'

npm manifest: 
  {
    "name": "rishabhtripathy",
    "version": "0.1.0",
    "private": true,
    "scripts": {
      "dev": "next dev",
      "build": "next build",
      "start": "next start",
      "lint": "next lint"
    },
    "dependencies": {
      "@next/font": "13.1.6",
      "eslint": "8.33.0",
      "eslint-config-next": "13.1.6",
      "next": "13.1.6",
      "react": "18.2.0",
      "react-dom": "18.2.0"
    },
    "devDependencies": {
      "autoprefixer": "^10.4.13",
      "postcss": "^8.4.21",
      "tailwindcss": "^3.2.4"
    }
  }

yarn manifest: 
  No manifest

Lockfile: 
  No lockfile
